<?xml version="1.0" encoding="UTF-8"?>
<!-- Generated by org.testng.reporters.JUnitReportReporter -->
<testsuite hostname="DESKTOP-PHB2LU8" failures="0" tests="1" name="test.TestNG_Demo2" time="1.780" errors="0" timestamp="2021-05-21T12:42:21 EEST" skipped="0">
  <testcase classname="test.TestNG_Demo2" name="googleSearch3" time="1.780"/>
  <system-out/>
</testsuite> <!-- test.TestNG_Demo2 -->
