<?xml version="1.0" encoding="UTF-8"?>
<!-- Generated by org.testng.reporters.JUnitReportReporter -->
<testsuite hostname="DESKTOP-PHB2LU8" failures="0" tests="1" name="demo.TestNHIngoreDemo" time="0.006" errors="0" timestamp="2021-05-28T17:42:15 EEST" skipped="0">
  <testcase classname="demo.TestNHIngoreDemo" name="test2" time="0.006"/>
  <system-out/>
</testsuite> <!-- demo.TestNHIngoreDemo -->
