<?xml version="1.0" encoding="UTF-8"?>
<!-- Generated by org.testng.reporters.JUnitReportReporter -->
<testsuite hostname="DESKTOP-PHB2LU8" failures="0" tests="1" name="demo.TestNGParametersDemo" time="0.008" errors="0" timestamp="2021-05-28T17:20:20 EEST" skipped="0">
  <testcase classname="demo.TestNGParametersDemo" name="test" time="0.008"/>
  <system-out/>
</testsuite> <!-- demo.TestNGParametersDemo -->
