<?xml version="1.0" encoding="UTF-8"?>
<!-- Generated by org.testng.reporters.JUnitReportReporter -->
<testsuite hostname="DESKTOP-PHB2LU8" failures="0" tests="1" name="test.TestNG_Demo" time="1.775" errors="0" timestamp="2021-05-25T18:28:39 EEST" skipped="0">
  <testcase classname="test.TestNG_Demo" name="googleSearch" time="1.775"/>
  <system-out/>
</testsuite> <!-- test.TestNG_Demo -->
