<?xml version="1.0" encoding="UTF-8"?>
<!-- Generated by org.testng.reporters.JUnitReportReporter -->
<testsuite hostname="DESKTOP-PHB2LU8" failures="0" tests="2" name="utils.ExcelDataProvider" time="0.005" errors="0" timestamp="2021-05-26T13:39:21 EEST" skipped="0">
  <testcase classname="utils.ExcelDataProvider" name="test1" time="0.001"/>
  <system-out/>
  <testcase classname="utils.ExcelDataProvider" name="test1" time="0.004"/>
  <system-out/>
</testsuite> <!-- utils.ExcelDataProvider -->
