<?xml version="1.0" encoding="UTF-8"?>
<!-- Generated by org.testng.reporters.JUnitReportReporter -->
<testsuite hostname="DESKTOP-PHB2LU8" failures="0" tests="3" name="listeners.TestNGListenerDemo2" time="0.001" errors="0" timestamp="2021-05-28T15:49:06 EEST" skipped="1">
  <testcase classname="listeners.TestNGListenerDemo2" name="test6" time="0.000">
    <skipped/>
  </testcase> <!-- test6 -->
  <system-out/>
  <testcase classname="listeners.TestNGListenerDemo2" name="test4" time="0.001"/>
  <system-out/>
  <testcase classname="listeners.TestNGListenerDemo2" name="test5" time="0.000"/>
  <system-out/>
</testsuite> <!-- listeners.TestNGListenerDemo2 -->
