<?xml version="1.0" encoding="UTF-8"?>
<!-- Generated by org.testng.reporters.JUnitReportReporter -->
<testsuite hostname="DESKTOP-PHB2LU8" failures="0" tests="3" name="demo.TestNGPriorityDemo" time="0.007" errors="0" timestamp="2021-05-28T16:04:12 EEST" skipped="0">
  <testcase classname="demo.TestNGPriorityDemo" name="one" time="0.007"/>
  <system-out/>
  <testcase classname="demo.TestNGPriorityDemo" name="three" time="0.000"/>
  <system-out/>
  <testcase classname="demo.TestNGPriorityDemo" name="two" time="0.000"/>
  <system-out/>
</testsuite> <!-- demo.TestNGPriorityDemo -->
